build/app/intermediates/manifest_merge_blame_file/release/manifest-merger-blame-release-report.txt
1<?xml version="1.0" encoding="utf-8"?>
2<manifest xmlns:android="http://schemas.android.com/apk/res/android"
3    package="com.example.bluedip_restaurents"
4    android:versionCode="1"
5    android:versionName="1.0.0" >
6
7    <uses-sdk
8        android:minSdkVersion="21"
8-->src/main/AndroidManifest.xml
9        android:targetSdkVersion="33" />
9-->src/main/AndroidManifest.xml
10
11    <uses-permission android:name="android.permission.ACCESS_FINE_LOCATION" />
11-->src/main/AndroidManifest.xml:3:5-4:66
11-->src/main/AndroidManifest.xml:4:9-63
12    <uses-permission android:name="android.permission.ACCESS_COARSE_LOCATION" />
12-->src/main/AndroidManifest.xml:5:5-6:68
12-->src/main/AndroidManifest.xml:6:9-65
13    <uses-permission android:name="android.permission.WRITE_EXTERNAL_STORAGE" />
13-->src/main/AndroidManifest.xml:7:5-81
13-->src/main/AndroidManifest.xml:7:22-78
14    <uses-permission android:name="android.permission.READ_EXTERNAL_STORAGE" />
14-->src/main/AndroidManifest.xml:8:5-80
14-->src/main/AndroidManifest.xml:8:22-77
15    <uses-permission android:name="android.permission.FOREGROUND_SERVICE" />
15-->src/main/AndroidManifest.xml:9:5-77
15-->src/main/AndroidManifest.xml:9:22-74
16    <uses-permission android:name="android.permission.ACCESS_BACKGROUND_LOCATION" />
16-->src/main/AndroidManifest.xml:10:5-84
16-->src/main/AndroidManifest.xml:10:22-82
17
18    <queries>
18-->[:file_picker] AndroidManifest.xml:11:5-17:15
19        <intent>
19-->[:file_picker] AndroidManifest.xml:12:9-16:18
20            <action android:name="android.intent.action.GET_CONTENT" />
20-->[:file_picker] AndroidManifest.xml:13:13-72
20-->[:file_picker] AndroidManifest.xml:13:21-69
21
22            <data android:mimeType="*/*" />
22-->[:file_picker] AndroidManifest.xml:15:13-44
22-->[:file_picker] AndroidManifest.xml:15:19-41
23        </intent>
24        <!-- Needs to be explicitly declared on Android R+ -->
25        <package android:name="com.google.android.apps.maps" />
25-->[com.google.android.gms:play-services-maps:18.1.0] AndroidManifest.xml:33:9-64
25-->[com.google.android.gms:play-services-maps:18.1.0] AndroidManifest.xml:33:18-61
26    </queries> <!-- Include required permissions for Google Maps API to run. -->
27    <uses-permission android:name="android.permission.ACCESS_NETWORK_STATE" />
27-->[com.google.android.gms:play-services-maps:18.1.0] AndroidManifest.xml:23:5-79
27-->[com.google.android.gms:play-services-maps:18.1.0] AndroidManifest.xml:23:22-76
28    <uses-permission android:name="android.permission.INTERNET" />
28-->[com.google.android.gms:play-services-maps:18.1.0] AndroidManifest.xml:24:5-67
28-->[com.google.android.gms:play-services-maps:18.1.0] AndroidManifest.xml:24:22-64
29
30    <uses-feature
30-->[com.google.android.gms:play-services-maps:18.1.0] AndroidManifest.xml:26:5-28:35
31        android:glEsVersion="0x00020000"
31-->[com.google.android.gms:play-services-maps:18.1.0] AndroidManifest.xml:27:9-41
32        android:required="true" />
32-->[com.google.android.gms:play-services-maps:18.1.0] AndroidManifest.xml:28:9-32
33
34    <permission
34-->[androidx.core:core:1.9.0] AndroidManifest.xml:22:5-24:47
35        android:name="com.example.bluedip_restaurents.DYNAMIC_RECEIVER_NOT_EXPORTED_PERMISSION"
35-->[androidx.core:core:1.9.0] AndroidManifest.xml:23:9-81
36        android:protectionLevel="signature" />
36-->[androidx.core:core:1.9.0] AndroidManifest.xml:24:9-44
37
38    <uses-permission android:name="com.example.bluedip_restaurents.DYNAMIC_RECEIVER_NOT_EXPORTED_PERMISSION" />
38-->[androidx.core:core:1.9.0] AndroidManifest.xml:26:5-97
38-->[androidx.core:core:1.9.0] AndroidManifest.xml:26:22-94
39
40    <application
41        android:name="android.app.Application"
41-->src/main/AndroidManifest.xml:14:9-42
42        android:appComponentFactory="androidx.core.app.CoreComponentFactory"
42-->[androidx.core:core:1.9.0] AndroidManifest.xml:28:18-86
43        android:icon="@mipmap/ic_launcher"
43-->src/main/AndroidManifest.xml:15:9-43
44        android:label="Bluedip Partners"
44-->src/main/AndroidManifest.xml:12:9-41
45        android:requestLegacyExternalStorage="true" >
45-->src/main/AndroidManifest.xml:13:9-52
46        <meta-data
46-->src/main/AndroidManifest.xml:16:8-17:69
47            android:name="com.google.android.geo.API_KEY"
47-->src/main/AndroidManifest.xml:16:19-64
48            android:value="AIzaSyA95kR4zoYPpDInKgemfdZk6g15KiObjgg" />
48-->src/main/AndroidManifest.xml:17:12-67
49
50        <activity
50-->src/main/AndroidManifest.xml:18:9-38:20
51            android:name="com.example.bluedip_restaurents.MainActivity"
51-->src/main/AndroidManifest.xml:19:13-41
52            android:configChanges="orientation|keyboardHidden|keyboard|screenSize|smallestScreenSize|locale|layoutDirection|fontScale|screenLayout|density|uiMode"
52-->src/main/AndroidManifest.xml:23:13-163
53            android:exported="true"
53-->src/main/AndroidManifest.xml:20:13-36
54            android:hardwareAccelerated="true"
54-->src/main/AndroidManifest.xml:24:13-47
55            android:launchMode="singleTop"
55-->src/main/AndroidManifest.xml:21:13-43
56            android:theme="@style/LaunchTheme"
56-->src/main/AndroidManifest.xml:22:13-47
57            android:windowSoftInputMode="adjustResize" >
57-->src/main/AndroidManifest.xml:25:13-55
58
59            <!--
60                 Specifies an Android theme to apply to this Activity as soon as
61                 the Android process has started. This theme is visible to the user
62                 while the Flutter UI initializes. After that, this theme continues
63                 to determine the Window background behind the Flutter UI.
64            -->
65            <meta-data
65-->src/main/AndroidManifest.xml:30:13-33:17
66                android:name="io.flutter.embedding.android.NormalTheme"
66-->src/main/AndroidManifest.xml:31:15-70
67                android:resource="@style/NormalTheme" />
67-->src/main/AndroidManifest.xml:32:15-52
68
69            <intent-filter>
69-->src/main/AndroidManifest.xml:34:13-37:29
70                <action android:name="android.intent.action.MAIN" />
70-->src/main/AndroidManifest.xml:35:17-68
70-->src/main/AndroidManifest.xml:35:25-66
71
72                <category android:name="android.intent.category.LAUNCHER" />
72-->src/main/AndroidManifest.xml:36:17-76
72-->src/main/AndroidManifest.xml:36:27-74
73            </intent-filter>
74        </activity>
75        <!--
76             Don't delete the meta-data below.
77             This is used by the Flutter tool to generate GeneratedPluginRegistrant.java
78        -->
79        <meta-data
79-->src/main/AndroidManifest.xml:41:9-43:33
80            android:name="flutterEmbedding"
80-->src/main/AndroidManifest.xml:42:13-44
81            android:value="2" />
81-->src/main/AndroidManifest.xml:43:13-30
82
83        <service
83-->[:geolocator_android] AndroidManifest.xml:12:9-16:56
84            android:name="com.baseflow.geolocator.GeolocatorLocationService"
84-->[:geolocator_android] AndroidManifest.xml:13:13-77
85            android:enabled="true"
85-->[:geolocator_android] AndroidManifest.xml:14:13-35
86            android:exported="false"
86-->[:geolocator_android] AndroidManifest.xml:15:13-37
87            android:foregroundServiceType="location" />
87-->[:geolocator_android] AndroidManifest.xml:16:13-53
88
89        <provider
89-->[:image_picker_android] AndroidManifest.xml:10:9-18:20
90            android:name="io.flutter.plugins.imagepicker.ImagePickerFileProvider"
90-->[:image_picker_android] AndroidManifest.xml:11:13-82
91            android:authorities="com.example.bluedip_restaurents.flutter.image_provider"
91-->[:image_picker_android] AndroidManifest.xml:12:13-74
92            android:exported="false"
92-->[:image_picker_android] AndroidManifest.xml:13:13-37
93            android:grantUriPermissions="true" >
93-->[:image_picker_android] AndroidManifest.xml:14:13-47
94            <meta-data
94-->[:image_picker_android] AndroidManifest.xml:15:13-17:75
95                android:name="android.support.FILE_PROVIDER_PATHS"
95-->[:image_picker_android] AndroidManifest.xml:16:17-67
96                android:resource="@xml/flutter_image_picker_file_paths" />
96-->[:image_picker_android] AndroidManifest.xml:17:17-72
97        </provider>
98
99        <service
99-->[:location] AndroidManifest.xml:13:9-17:56
100            android:name="com.lyokone.location.FlutterLocationService"
100-->[:location] AndroidManifest.xml:14:13-71
101            android:enabled="true"
101-->[:location] AndroidManifest.xml:15:13-35
102            android:exported="false"
102-->[:location] AndroidManifest.xml:16:13-37
103            android:foregroundServiceType="location" /> <!-- Needs to be explicitly declared on P+ -->
103-->[:location] AndroidManifest.xml:17:13-53
104        <uses-library
104-->[com.google.android.gms:play-services-maps:18.1.0] AndroidManifest.xml:39:9-41:40
105            android:name="org.apache.http.legacy"
105-->[com.google.android.gms:play-services-maps:18.1.0] AndroidManifest.xml:40:13-50
106            android:required="false" />
106-->[com.google.android.gms:play-services-maps:18.1.0] AndroidManifest.xml:41:13-37
107
108        <activity
108-->[com.google.android.gms:play-services-base:18.1.0] AndroidManifest.xml:20:9-22:45
109            android:name="com.google.android.gms.common.api.GoogleApiActivity"
109-->[com.google.android.gms:play-services-base:18.1.0] AndroidManifest.xml:20:19-85
110            android:exported="false"
110-->[com.google.android.gms:play-services-base:18.1.0] AndroidManifest.xml:22:19-43
111            android:theme="@android:style/Theme.Translucent.NoTitleBar" />
111-->[com.google.android.gms:play-services-base:18.1.0] AndroidManifest.xml:21:19-78
112
113        <meta-data
113-->[com.google.android.gms:play-services-basement:18.1.0] AndroidManifest.xml:21:9-23:69
114            android:name="com.google.android.gms.version"
114-->[com.google.android.gms:play-services-basement:18.1.0] AndroidManifest.xml:22:13-58
115            android:value="@integer/google_play_services_version" />
115-->[com.google.android.gms:play-services-basement:18.1.0] AndroidManifest.xml:23:13-66
116
117        <uses-library
117-->[androidx.window:window:1.0.0-beta04] AndroidManifest.xml:25:9-27:40
118            android:name="androidx.window.extensions"
118-->[androidx.window:window:1.0.0-beta04] AndroidManifest.xml:26:13-54
119            android:required="false" />
119-->[androidx.window:window:1.0.0-beta04] AndroidManifest.xml:27:13-37
120        <uses-library
120-->[androidx.window:window:1.0.0-beta04] AndroidManifest.xml:28:9-30:40
121            android:name="androidx.window.sidecar"
121-->[androidx.window:window:1.0.0-beta04] AndroidManifest.xml:29:13-51
122            android:required="false" />
122-->[androidx.window:window:1.0.0-beta04] AndroidManifest.xml:30:13-37
123
124        <provider
124-->[androidx.profileinstaller:profileinstaller:1.3.0] AndroidManifest.xml:24:9-32:20
125            android:name="androidx.startup.InitializationProvider"
125-->[androidx.profileinstaller:profileinstaller:1.3.0] AndroidManifest.xml:25:13-67
126            android:authorities="com.example.bluedip_restaurents.androidx-startup"
126-->[androidx.profileinstaller:profileinstaller:1.3.0] AndroidManifest.xml:26:13-68
127            android:exported="false" >
127-->[androidx.profileinstaller:profileinstaller:1.3.0] AndroidManifest.xml:27:13-37
128            <meta-data
128-->[androidx.profileinstaller:profileinstaller:1.3.0] AndroidManifest.xml:29:13-31:52
129                android:name="androidx.profileinstaller.ProfileInstallerInitializer"
129-->[androidx.profileinstaller:profileinstaller:1.3.0] AndroidManifest.xml:30:17-85
130                android:value="androidx.startup" />
130-->[androidx.profileinstaller:profileinstaller:1.3.0] AndroidManifest.xml:31:17-49
131        </provider>
132
133        <receiver
133-->[androidx.profileinstaller:profileinstaller:1.3.0] AndroidManifest.xml:34:9-52:20
134            android:name="androidx.profileinstaller.ProfileInstallReceiver"
134-->[androidx.profileinstaller:profileinstaller:1.3.0] AndroidManifest.xml:35:13-76
135            android:directBootAware="false"
135-->[androidx.profileinstaller:profileinstaller:1.3.0] AndroidManifest.xml:36:13-44
136            android:enabled="true"
136-->[androidx.profileinstaller:profileinstaller:1.3.0] AndroidManifest.xml:37:13-35
137            android:exported="true"
137-->[androidx.profileinstaller:profileinstaller:1.3.0] AndroidManifest.xml:38:13-36
138            android:permission="android.permission.DUMP" >
138-->[androidx.profileinstaller:profileinstaller:1.3.0] AndroidManifest.xml:39:13-57
139            <intent-filter>
139-->[androidx.profileinstaller:profileinstaller:1.3.0] AndroidManifest.xml:40:13-42:29
140                <action android:name="androidx.profileinstaller.action.INSTALL_PROFILE" />
140-->[androidx.profileinstaller:profileinstaller:1.3.0] AndroidManifest.xml:41:17-91
140-->[androidx.profileinstaller:profileinstaller:1.3.0] AndroidManifest.xml:41:25-88
141            </intent-filter>
142            <intent-filter>
142-->[androidx.profileinstaller:profileinstaller:1.3.0] AndroidManifest.xml:43:13-45:29
143                <action android:name="androidx.profileinstaller.action.SKIP_FILE" />
143-->[androidx.profileinstaller:profileinstaller:1.3.0] AndroidManifest.xml:44:17-85
143-->[androidx.profileinstaller:profileinstaller:1.3.0] AndroidManifest.xml:44:25-82
144            </intent-filter>
145            <intent-filter>
145-->[androidx.profileinstaller:profileinstaller:1.3.0] AndroidManifest.xml:46:13-48:29
146                <action android:name="androidx.profileinstaller.action.SAVE_PROFILE" />
146-->[androidx.profileinstaller:profileinstaller:1.3.0] AndroidManifest.xml:47:17-88
146-->[androidx.profileinstaller:profileinstaller:1.3.0] AndroidManifest.xml:47:25-85
147            </intent-filter>
148            <intent-filter>
148-->[androidx.profileinstaller:profileinstaller:1.3.0] AndroidManifest.xml:49:13-51:29
149                <action android:name="androidx.profileinstaller.action.BENCHMARK_OPERATION" />
149-->[androidx.profileinstaller:profileinstaller:1.3.0] AndroidManifest.xml:50:17-95
149-->[androidx.profileinstaller:profileinstaller:1.3.0] AndroidManifest.xml:50:25-92
150            </intent-filter>
151        </receiver>
152    </application>
153
154</manifest>